#
# There is insufficient memory for the Java Runtime Environment to continue.
# Native memory allocation (malloc) failed to allocate 944256 bytes for Chunk::new
# Possible reasons:
#   The system is out of physical RAM or swap space
#   In 32 bit mode, the process size limit was hit
# Possible solutions:
#   Reduce memory load on the system
#   Increase physical memory or swap space
#   Check if swap backing store is full
#   Use 64 bit Java on a 64 bit OS
#   Decrease Java heap size (-Xmx/-Xms)
#   Decrease number of Java threads
#   Decrease Java thread stack sizes (-Xss)
#   Set larger code cache with -XX:ReservedCodeCacheSize=
# This output file may be truncated or incomplete.
#
#  Out of Memory Error (allocation.cpp:390), pid=2164, tid=2224
#
# JRE version: Java(TM) SE Runtime Environment (8.0_25-b18) (build 1.8.0_25-b18)
# Java VM: Java HotSpot(TM) 64-Bit Server VM (25.25-b02 mixed mode windows-amd64 compressed oops)
# Failed to write core dump. Minidumps are not enabled by default on client versions of Windows
#

---------------  T H R E A D  ---------------

Current thread (0x00000000551bc000):  JavaThread "C2 CompilerThread1" daemon [_thread_in_native, id=2224, stack(0x0000000056a90000,0x0000000056b90000)]

Stack: [0x0000000056a90000,0x0000000056b90000]
Native frames: (J=compiled Java code, j=interpreted, Vv=VM code, C=native code)
V  [jvm.dll+0x31667a]
V  [jvm.dll+0x267073]
V  [jvm.dll+0x267cb3]
V  [jvm.dll+0x25f5b5]
V  [jvm.dll+0xbf165]
V  [jvm.dll+0xbf60c]
V  [jvm.dll+0x45d672]
V  [jvm.dll+0x49e8ef]
V  [jvm.dll+0x452668]
V  [jvm.dll+0x453864]
V  [jvm.dll+0x437372]
V  [jvm.dll+0x98a02]
V  [jvm.dll+0x991f3]
V  [jvm.dll+0x22bde4]
V  [jvm.dll+0x2852fa]
C  [msvcr100.dll+0x21d9f]
C  [msvcr100.dll+0x21e3b]
C  [kernel32.dll+0x15a4d]
C  [ntdll.dll+0x2b831]


Current CompileTask:
C2:  13923 1856       4       com.android.dx.ssa.SCCP::simulateBranch (666 bytes)


---------------  P R O C E S S  ---------------

Java Threads: ( => current thread )
  0x0000000056e63800 JavaThread "pool-1-thread-4" [_thread_blocked, id=3264, stack(0x0000000057ee0000,0x0000000057fe0000)]
  0x0000000056e61000 JavaThread "pool-1-thread-3" [_thread_blocked, id=6088, stack(0x0000000057fe0000,0x00000000580e0000)]
  0x0000000056e60000 JavaThread "pool-1-thread-2" [_thread_blocked, id=4744, stack(0x0000000057dc0000,0x0000000057ec0000)]
  0x0000000056e7b000 JavaThread "pool-2-thread-1" [_thread_blocked, id=4944, stack(0x0000000055fa0000,0x00000000560a0000)]
  0x0000000056e77000 JavaThread "pool-1-thread-1" [_thread_blocked, id=4016, stack(0x0000000057c00000,0x0000000057d00000)]
  0x0000000056c12800 JavaThread "Service Thread" daemon [_thread_blocked, id=5620, stack(0x00000000567c0000,0x00000000568c0000)]
  0x00000000551be000 JavaThread "C1 CompilerThread2" daemon [_thread_blocked, id=4476, stack(0x0000000057080000,0x0000000057180000)]
=>0x00000000551bc000 JavaThread "C2 CompilerThread1" daemon [_thread_in_native, id=2224, stack(0x0000000056a90000,0x0000000056b90000)]
  0x00000000551b4800 JavaThread "C2 CompilerThread0" daemon [_thread_in_native, id=5304, stack(0x0000000056910000,0x0000000056a10000)]
  0x00000000551b3000 JavaThread "Attach Listener" daemon [_thread_blocked, id=2896, stack(0x00000000566b0000,0x00000000567b0000)]
  0x00000000551b0000 JavaThread "Signal Dispatcher" daemon [_thread_blocked, id=2172, stack(0x00000000561d0000,0x00000000562d0000)]
  0x0000000055154000 JavaThread "Finalizer" daemon [_thread_blocked, id=4808, stack(0x0000000056470000,0x0000000056570000)]
  0x000000005514b000 JavaThread "Reference Handler" daemon [_thread_blocked, id=6320, stack(0x00000000562f0000,0x00000000563f0000)]
  0x000000000223e000 JavaThread "main" [_thread_blocked, id=5848, stack(0x0000000002580000,0x0000000002680000)]

Other Threads:
  0x0000000055145800 VMThread [stack: 0x00000000560a0000,0x00000000561a0000] [id=4080]
  0x0000000056c16000 WatcherThread [stack: 0x00000000571f0000,0x00000000572f0000] [id=6252]

VM state:not at safepoint (normal execution)

VM Mutex/Monitor currently owned by a thread: None

Heap:
 PSYoungGen      total 53248K, used 9015K [0x00000000eab00000, 0x00000000f1300000, 0x0000000100000000)
  eden space 49152K, 10% used [0x00000000eab00000,0x00000000eafcdc60,0x00000000edb00000)
  from space 4096K, 100% used [0x00000000edb00000,0x00000000edf00000,0x00000000edf00000)
  to   space 4096K, 0% used [0x00000000f0f00000,0x00000000f0f00000,0x00000000f1300000)
 ParOldGen       total 65536K, used 10456K [0x00000000c0000000, 0x00000000c4000000, 0x00000000eab00000)
  object space 65536K, 15% used [0x00000000c0000000,0x00000000c0a362f8,0x00000000c4000000)
 Metaspace       used 6270K, capacity 7152K, committed 7296K, reserved 1056768K
  class space    used 592K, capacity 616K, committed 640K, reserved 1048576K

Card table byte_map: [0x0000000011d10000,0x0000000011f20000] byte_map_base: 0x0000000011710000

Marking Bits: (ParMarkBitMap*) 0x0000000068e1d490
 Begin Bits: [0x00000000125c0000, 0x00000000135c0000)
 End Bits:   [0x00000000135c0000, 0x00000000145c0000)

Polling page: 0x0000000001c70000

CodeCache: size=245760Kb used=7923Kb max_used=7941Kb free=237836Kb
 bounds [0x0000000002950000, 0x0000000003120000, 0x0000000011950000]
 total_blobs=2122 nmethods=1858 adapters=178
 compilation: enabled

Compilation events (10 events):
Event: 13.249 Thread 0x00000000551be000 1862       3       com.android.dx.dex.file.DexFile::add (9 bytes)
Event: 13.249 Thread 0x00000000551be000 nmethod 1862 0x00000000030fc9d0 code [0x00000000030fcb40, 0x00000000030fcd48]
Event: 13.250 Thread 0x00000000551bc000 nmethod 1854 0x00000000030ffc10 code [0x00000000030ffd60, 0x00000000030fff38]
Event: 13.250 Thread 0x00000000551bc000 1856       4       com.android.dx.ssa.SCCP::simulateBranch (666 bytes)
Event: 13.271 Thread 0x00000000551be000 1863   !   3       com.android.dx.cf.direct.DirectClassFile::parse (75 bytes)
Event: 13.272 Thread 0x00000000551be000 nmethod 1863 0x00000000030fe390 code [0x00000000030fe600, 0x00000000030ff558]
Event: 13.292 Thread 0x00000000551be000 1864       3       java.util.concurrent.locks.AbstractQueuedSynchronizer$ConditionObject::addConditionWaiter (64 bytes)
Event: 13.293 Thread 0x00000000551be000 nmethod 1864 0x00000000030fdc50 code [0x00000000030fdde0, 0x00000000030fe208]
Event: 13.293 Thread 0x00000000551be000 1865   !   3       java.util.concurrent.locks.AbstractQueuedSynchronizer::fullyRelease (54 bytes)
Event: 13.293 Thread 0x00000000551be000 nmethod 1865 0x00000000030fd250 code [0x00000000030fd400, 0x00000000030fd9a8]

GC Heap History (6 events):
Event: 2.245 GC heap before
{Heap before GC invocations=1 (full 0):
 PSYoungGen      total 28672K, used 24576K [0x00000000eab00000, 0x00000000ecb00000, 0x0000000100000000)
  eden space 24576K, 100% used [0x00000000eab00000,0x00000000ec300000,0x00000000ec300000)
  from space 4096K, 0% used [0x00000000ec700000,0x00000000ec700000,0x00000000ecb00000)
  to   space 4096K, 0% used [0x00000000ec300000,0x00000000ec300000,0x00000000ec700000)
 ParOldGen       total 65536K, used 0K [0x00000000c0000000, 0x00000000c4000000, 0x00000000eab00000)
  object space 65536K, 0% used [0x00000000c0000000,0x00000000c0000000,0x00000000c4000000)
 Metaspace       used 5807K, capacity 6768K, committed 7040K, reserved 1056768K
  class space    used 583K, capacity 616K, committed 640K, reserved 1048576K
Event: 2.750 GC heap after
Heap after GC invocations=1 (full 0):
 PSYoungGen      total 28672K, used 4065K [0x00000000eab00000, 0x00000000ee300000, 0x0000000100000000)
  eden space 24576K, 0% used [0x00000000eab00000,0x00000000eab00000,0x00000000ec300000)
  from space 4096K, 99% used [0x00000000ec300000,0x00000000ec6f8418,0x00000000ec700000)
  to   space 4096K, 0% used [0x00000000edf00000,0x00000000edf00000,0x00000000ee300000)
 ParOldGen       total 65536K, used 522K [0x00000000c0000000, 0x00000000c4000000, 0x00000000eab00000)
  object space 65536K, 0% used [0x00000000c0000000,0x00000000c0082b28,0x00000000c4000000)
 Metaspace       used 5807K, capacity 6768K, committed 7040K, reserved 1056768K
  class space    used 583K, capacity 616K, committed 640K, reserved 1048576K
}
Event: 7.326 GC heap before
{Heap before GC invocations=2 (full 0):
 PSYoungGen      total 28672K, used 28641K [0x00000000eab00000, 0x00000000ee300000, 0x0000000100000000)
  eden space 24576K, 100% used [0x00000000eab00000,0x00000000ec300000,0x00000000ec300000)
  from space 4096K, 99% used [0x00000000ec300000,0x00000000ec6f8418,0x00000000ec700000)
  to   space 4096K, 0% used [0x00000000edf00000,0x00000000edf00000,0x00000000ee300000)
 ParOldGen       total 65536K, used 522K [0x00000000c0000000, 0x00000000c4000000, 0x00000000eab00000)
  object space 65536K, 0% used [0x00000000c0000000,0x00000000c0082b28,0x00000000c4000000)
 Metaspace       used 6096K, capacity 7024K, committed 7296K, reserved 1056768K
  class space    used 591K, capacity 616K, committed 640K, reserved 1048576K
Event: 7.628 GC heap after
Heap after GC invocations=2 (full 0):
 PSYoungGen      total 53248K, used 4087K [0x00000000eab00000, 0x00000000ee300000, 0x0000000100000000)
  eden space 49152K, 0% used [0x00000000eab00000,0x00000000eab00000,0x00000000edb00000)
  from space 4096K, 99% used [0x00000000edf00000,0x00000000ee2fdc88,0x00000000ee300000)
  to   space 4096K, 0% used [0x00000000edb00000,0x00000000edb00000,0x00000000edf00000)
 ParOldGen       total 65536K, used 2574K [0x00000000c0000000, 0x00000000c4000000, 0x00000000eab00000)
  object space 65536K, 3% used [0x00000000c0000000,0x00000000c0283840,0x00000000c4000000)
 Metaspace       used 6096K, capacity 7024K, committed 7296K, reserved 1056768K
  class space    used 591K, capacity 616K, committed 640K, reserved 1048576K
}
Event: 13.146 GC heap before
{Heap before GC invocations=3 (full 0):
 PSYoungGen      total 53248K, used 53239K [0x00000000eab00000, 0x00000000ee300000, 0x0000000100000000)
  eden space 49152K, 100% used [0x00000000eab00000,0x00000000edb00000,0x00000000edb00000)
  from space 4096K, 99% used [0x00000000edf00000,0x00000000ee2fdc88,0x00000000ee300000)
  to   space 4096K, 0% used [0x00000000edb00000,0x00000000edb00000,0x00000000edf00000)
 ParOldGen       total 65536K, used 2574K [0x00000000c0000000, 0x00000000c4000000, 0x00000000eab00000)
  object space 65536K, 3% used [0x00000000c0000000,0x00000000c0283840,0x00000000c4000000)
 Metaspace       used 6260K, capacity 7152K, committed 7296K, reserved 1056768K
  class space    used 592K, capacity 616K, committed 640K, reserved 1048576K
Event: 13.240 GC heap after
Heap after GC invocations=3 (full 0):
 PSYoungGen      total 53248K, used 4096K [0x00000000eab00000, 0x00000000f1300000, 0x0000000100000000)
  eden space 49152K, 0% used [0x00000000eab00000,0x00000000eab00000,0x00000000edb00000)
  from space 4096K, 100% used [0x00000000edb00000,0x00000000edf00000,0x00000000edf00000)
  to   space 4096K, 0% used [0x00000000f0f00000,0x00000000f0f00000,0x00000000f1300000)
 ParOldGen       total 65536K, used 10456K [0x00000000c0000000, 0x00000000c4000000, 0x00000000eab00000)
  object space 65536K, 15% used [0x00000000c0000000,0x00000000c0a362f8,0x00000000c4000000)
 Metaspace       used 6260K, capacity 7152K, committed 7296K, reserved 1056768K
  class space    used 592K, capacity 616K, committed 640K, reserved 1048576K
}

Deoptimization events (10 events):
Event: 10.518 Thread 0x0000000056e77000 Uncommon trap: reason=bimorphic action=maybe_recompile pc=0x0000000002f0f220 method=com.android.dx.ssa.SCCP.simulatePhi(Lcom/android/dx/ssa/PhiInsn;)V @ 124
Event: 10.863 Thread 0x0000000056e61000 Uncommon trap: reason=bimorphic action=maybe_recompile pc=0x0000000002efeea8 method=com.android.dx.rop.code.RegisterSpec.withSimpleType()Lcom/android/dx/rop/code/RegisterSpec; @ 21
Event: 11.921 Thread 0x0000000056e77000 Uncommon trap: reason=bimorphic action=maybe_recompile pc=0x0000000002fed28c method=com.android.dx.cf.code.RopperMachine.run(Lcom/android/dx/cf/code/Frame;II)V @ 988
Event: 11.922 Thread 0x0000000056e77000 Uncommon trap: reason=unreached action=reinterpret pc=0x0000000002f2e6f4 method=com.android.dx.ssa.SCCP.simulateBranch(Lcom/android/dx/ssa/SsaInsn;)V @ 132
Event: 12.032 Thread 0x0000000056e77000 Uncommon trap: reason=unloaded action=reinterpret pc=0x0000000002f63354 method=com.android.dx.ssa.LiteralOpUpgrader$1.visitNonMoveInsn(Lcom/android/dx/ssa/NormalSsaInsn;)V @ 72
Event: 12.033 Thread 0x0000000056e77000 Uncommon trap: reason=unreached action=reinterpret pc=0x0000000002d47dcc method=com.android.dx.ssa.SsaMethod.updateOneDefinition(Lcom/android/dx/ssa/SsaInsn;Lcom/android/dx/rop/code/RegisterSpec;)V @ 4
Event: 12.037 Thread 0x0000000056e77000 Uncommon trap: reason=bimorphic action=maybe_recompile pc=0x0000000002f0f534 method=com.android.dx.ssa.SCCP.setLatticeValueTo(IILcom/android/dx/rop/cst/Constant;)Z @ 43
Event: 12.037 Thread 0x0000000056e77000 Uncommon trap: reason=bimorphic action=maybe_recompile pc=0x0000000002f0f534 method=com.android.dx.ssa.SCCP.setLatticeValueTo(IILcom/android/dx/rop/cst/Constant;)Z @ 43
Event: 12.037 Thread 0x0000000056e77000 Uncommon trap: reason=bimorphic action=maybe_recompile pc=0x0000000002f0f534 method=com.android.dx.ssa.SCCP.setLatticeValueTo(IILcom/android/dx/rop/cst/Constant;)Z @ 43
Event: 12.037 Thread 0x0000000056e77000 Uncommon trap: reason=bimorphic action=maybe_recompile pc=0x0000000002f0f534 method=com.android.dx.ssa.SCCP.setLatticeValueTo(IILcom/android/dx/rop/cst/Constant;)Z @ 43

Internal exceptions (10 events):
Event: 5.601 Thread 0x000000000223e000 Exception <a 'java/security/PrivilegedActionException'> (0x00000000ebf9a968) thrown at [D:\re\workspace\8-2-build-windows-amd64-cygwin\jdk8u25\1677\hotspot\src\share\vm\prims\jvm.cpp, line 1312]
Event: 5.707 Thread 0x0000000056e61000 Exception <a 'java/security/PrivilegedActionException'> (0x00000000ec01fb08) thrown at [D:\re\workspace\8-2-build-windows-amd64-cygwin\jdk8u25\1677\hotspot\src\share\vm\prims\jvm.cpp, line 1312]
Event: 5.708 Thread 0x0000000056e61000 Exception <a 'java/security/PrivilegedActionException'> (0x00000000ec025590) thrown at [D:\re\workspace\8-2-build-windows-amd64-cygwin\jdk8u25\1677\hotspot\src\share\vm\prims\jvm.cpp, line 1312]
Event: 5.708 Thread 0x0000000056e61000 Exception <a 'java/security/PrivilegedActionException'> (0x00000000ec02ade0) thrown at [D:\re\workspace\8-2-build-windows-amd64-cygwin\jdk8u25\1677\hotspot\src\share\vm\prims\jvm.cpp, line 1312]
Event: 5.798 Thread 0x000000000223e000 Exception <a 'java/security/PrivilegedActionException'> (0x00000000ebfa9e98) thrown at [D:\re\workspace\8-2-build-windows-amd64-cygwin\jdk8u25\1677\hotspot\src\share\vm\prims\jvm.cpp, line 1312]
Event: 7.261 Thread 0x000000000223e000 Exception <a 'java/security/PrivilegedActionException'> (0x00000000ec15d710) thrown at [D:\re\workspace\8-2-build-windows-amd64-cygwin\jdk8u25\1677\hotspot\src\share\vm\prims\jvm.cpp, line 1312]
Event: 7.262 Thread 0x000000000223e000 Exception <a 'java/security/PrivilegedActionException'> (0x00000000ec15fea0) thrown at [D:\re\workspace\8-2-build-windows-amd64-cygwin\jdk8u25\1677\hotspot\src\share\vm\prims\jvm.cpp, line 1312]
Event: 8.434 Thread 0x0000000056e61000 Exception <a 'java/security/PrivilegedActionException'> (0x00000000eafb44d8) thrown at [D:\re\workspace\8-2-build-windows-amd64-cygwin\jdk8u25\1677\hotspot\src\share\vm\prims\jvm.cpp, line 1312]
Event: 9.208 Thread 0x0000000056e61000 Exception <a 'java/security/PrivilegedActionException'> (0x00000000eb480d18) thrown at [D:\re\workspace\8-2-build-windows-amd64-cygwin\jdk8u25\1677\hotspot\src\share\vm\prims\jvm.cpp, line 1312]
Event: 12.033 Thread 0x0000000056e77000 Exception <a 'java/security/PrivilegedActionException'> (0x00000000ec87ea80) thrown at [D:\re\workspace\8-2-build-windows-amd64-cygwin\jdk8u25\1677\hotspot\src\share\vm\prims\jvm.cpp, line 1312]

Events (10 events):
Event: 12.037 Thread 0x0000000056e77000 DEOPT PACKING pc=0x0000000002f0f534 sp=0x0000000057cfe5d0
Event: 12.037 Thread 0x0000000056e77000 DEOPT UNPACKING pc=0x000000000299556a sp=0x0000000057cfe538 mode 2
Event: 12.037 Thread 0x0000000056e77000 Uncommon trap: trap_request=0xffffffc6 fr.pc=0x0000000002f0f534
Event: 12.037 Thread 0x0000000056e77000 DEOPT PACKING pc=0x0000000002f0f534 sp=0x0000000057cfe610
Event: 12.037 Thread 0x0000000056e77000 DEOPT UNPACKING pc=0x000000000299556a sp=0x0000000057cfe578 mode 2
Event: 12.037 Thread 0x0000000056e77000 Uncommon trap: trap_request=0xffffffc6 fr.pc=0x0000000002f0f534
Event: 12.037 Thread 0x0000000056e77000 DEOPT PACKING pc=0x0000000002f0f534 sp=0x0000000057cfe610
Event: 12.037 Thread 0x0000000056e77000 DEOPT UNPACKING pc=0x000000000299556a sp=0x0000000057cfe578 mode 2
Event: 13.126 Executing VM operation: ParallelGCFailedAllocation
Event: 13.240 Executing VM operation: ParallelGCFailedAllocation done


Dynamic libraries:
0x000000013fa60000 - 0x000000013fa94000 	C:\Program Files\Java\jdk1.8.0_25\bin\java.exe
0x0000000077aa0000 - 0x0000000077c49000 	C:\Windows\SYSTEM32\ntdll.dll
0x0000000077880000 - 0x00000000779a0000 	C:\Windows\system32\kernel32.dll
0x000007fefd9d0000 - 0x000007fefda3c000 	C:\Windows\system32\KERNELBASE.dll
0x000007fefefd0000 - 0x000007feff0ab000 	C:\Windows\system32\ADVAPI32.dll
0x000007feff4e0000 - 0x000007feff57f000 	C:\Windows\system32\msvcrt.dll
0x000007feffd90000 - 0x000007feffdaf000 	C:\Windows\SYSTEM32\sechost.dll
0x000007feff970000 - 0x000007feffa9d000 	C:\Windows\system32\RPCRT4.dll
0x00000000779a0000 - 0x0000000077a9a000 	C:\Windows\system32\USER32.dll
0x000007feff470000 - 0x000007feff4d7000 	C:\Windows\system32\GDI32.dll
0x000007feffaa0000 - 0x000007feffaae000 	C:\Windows\system32\LPK.dll
0x000007feffcc0000 - 0x000007feffd8a000 	C:\Windows\system32\USP10.dll
0x000007fefc000000 - 0x000007fefc1f4000 	C:\Windows\WinSxS\amd64_microsoft.windows.common-controls_6595b64144ccf1df_6.0.7601.18837_none_fa3b1e3d17594757\COMCTL32.dll
0x000007feff1c0000 - 0x000007feff231000 	C:\Windows\system32\SHLWAPI.dll
0x000007feffab0000 - 0x000007feffade000 	C:\Windows\system32\IMM32.DLL
0x000007feff0b0000 - 0x000007feff1b9000 	C:\Windows\system32\MSCTF.dll
0x000007fefd770000 - 0x000007fefd7ac000 	C:\Windows\system32\nvinitx.dll
0x000000006b1b0000 - 0x000000006b282000 	C:\Program Files\Java\jdk1.8.0_25\jre\bin\msvcr100.dll
0x0000000068640000 - 0x0000000068e9a000 	C:\Program Files\Java\jdk1.8.0_25\jre\bin\server\jvm.dll
0x000007fef5b60000 - 0x000007fef5b69000 	C:\Windows\system32\WSOCK32.dll
0x000007feff850000 - 0x000007feff89d000 	C:\Windows\system32\WS2_32.dll
0x000007feff8a0000 - 0x000007feff8a8000 	C:\Windows\system32\NSI.dll
0x000007fefa260000 - 0x000007fefa29b000 	C:\Windows\system32\WINMM.dll
0x0000000077c70000 - 0x0000000077c77000 	C:\Windows\system32\PSAPI.DLL
0x0000000074d40000 - 0x0000000074d4f000 	C:\Program Files\Java\jdk1.8.0_25\jre\bin\verify.dll
0x00000000742d0000 - 0x00000000742f8000 	C:\Program Files\Java\jdk1.8.0_25\jre\bin\java.dll
0x0000000074660000 - 0x0000000074676000 	C:\Program Files\Java\jdk1.8.0_25\jre\bin\zip.dll
0x000007fefe1e0000 - 0x000007fefef69000 	C:\Windows\system32\SHELL32.dll
0x000007fefdfd0000 - 0x000007fefe1d3000 	C:\Windows\system32\ole32.dll
0x000007fefd840000 - 0x000007fefd84f000 	C:\Windows\system32\profapi.dll
0x000007fef4060000 - 0x000007fef4185000 	C:\Windows\system32\dbghelp.dll

VM Arguments:
jvm_args: -Djava.awt.headless=true -Xmx1024M -Dfile.encoding=windows-1252 -Duser.country=ES -Duser.language=es -Duser.variant 
java_command: com.android.dx.command.Main --dex --num-threads=4 --output E:\Documents\Android\APortes - Ines\app\build\intermediates\pre-dexed\debug\internal_impl-23.2.1_d44ef3204f07ed3de1b540c85d0f2130cf2470cb.jar E:\Documents\Android\APortes - Ines\app\build\intermediates\exploded-aar\com.android.support\support-v4\23.2.1\jars\libs\internal_impl-23.2.1.jar
java_class_path (initial): C:\Users\narwhall\AppData\Local\Android\sdk1\build-tools\23.0.3\lib\dx.jar
Launcher Type: SUN_STANDARD

Environment Variables:
JAVA_HOME=C:\Program Files\Java\jdk1.8.0_25\
PATH=C:\app\narwhall\product\11.2.0\dbhome_1\bin;C:\ProgramData\Oracle\Java\javapath;C:\Windows\system32;C:\Windows;C:\Windows\System32\Wbem;C:\Windows\System32\WindowsPowerShell\v1.0\; C:\Program Files\Java\jdk1.8.0_25\bin;C:\Program Files (x86)\Skype\Phone\;C:\Program Files\Git\cmd
USERNAME=narwhall
OS=Windows_NT
PROCESSOR_IDENTIFIER=Intel64 Family 6 Model 42 Stepping 7, GenuineIntel



---------------  S Y S T E M  ---------------

OS: Windows 7 , 64 bit Build 7601 Service Pack 1

CPU:total 4 (2 cores per cpu, 2 threads per core) family 6 model 42 stepping 7, cmov, cx8, fxsr, mmx, sse, sse2, sse3, ssse3, sse4.1, sse4.2, popcnt, avx, aes, clmul, ht, tsc, tscinvbit

Memory: 4k page, physical 6201540k(450968k free), swap 8247704k(227944k free)

vm_info: Java HotSpot(TM) 64-Bit Server VM (25.25-b02) for windows-amd64 JRE (1.8.0_25-b18), built on Oct  7 2014 14:25:37 by "java_re" with MS VC++ 10.0 (VS2010)

time: Tue May 24 19:52:20 2016
elapsed time: 13 seconds (0d 0h 0m 13s)

